TN:
SF:C:/Users/YOMI OLAOYE/Desktop/m-tracker server/server/app.js
FNF:0
FNH:0
DA:1,1
DA:6,1
LF:2
LH:2
BRF:0
BRH:0
end_of_record
TN:
SF:C:/Users/YOMI OLAOYE/Desktop/m-tracker server/server/server.js
FN:17,(anonymous_1)
FN:22,(anonymous_2)
FNF:2
FNH:1
FNDA:0,(anonymous_1)
FNDA:1,(anonymous_2)
DA:1,1
DA:2,1
DA:3,1
DA:4,1
DA:7,1
DA:8,1
DA:11,1
DA:12,1
DA:15,1
DA:17,1
DA:22,1
LF:11
LH:11
BRDA:8,0,0,1
BRDA:8,0,1,1
BRF:2
BRH:2
end_of_record
TN:
SF:C:/Users/YOMI OLAOYE/Desktop/m-tracker server/server/controllers/userRequestController.js
FN:38,(anonymous_8)
FN:78,(anonymous_11)
FNF:2
FNH:2
FNDA:3,(anonymous_8)
FNDA:1,(anonymous_11)
DA:1,1
DA:29,8
DA:38,3
DA:39,2
DA:40,1
DA:46,1
DA:57,1
DA:66,1
DA:67,1
DA:78,1
DA:79,1
DA:80,0
DA:86,1
DA:87,1
DA:88,1
DA:89,1
LF:16
LH:15
BRDA:39,0,0,1
BRDA:39,0,1,1
BRDA:79,1,0,0
BRDA:79,1,1,1
BRF:4
BRH:3
end_of_record
TN:
SF:C:/Users/YOMI OLAOYE/Desktop/m-tracker server/server/routes/index.js
FN:9,(anonymous_1)
FNF:1
FNH:0
FNDA:0,(anonymous_1)
DA:1,1
DA:2,1
DA:3,1
DA:5,1
DA:9,1
DA:14,1
DA:15,1
DA:16,1
DA:17,1
LF:9
LH:9
BRF:0
BRH:0
end_of_record
TN:
SF:C:/Users/YOMI OLAOYE/Desktop/m-tracker server/server/validations/validator.js
FNF:0
FNH:0
DA:3,7
DA:4,7
DA:5,7
DA:6,7
DA:7,7
DA:8,7
DA:10,7
DA:11,1
DA:15,6
DA:16,1
DA:20,5
DA:21,0
DA:25,5
DA:26,2
DA:30,3
DA:31,1
DA:35,2
DA:36,0
DA:40,2
DA:41,1
DA:45,1
DA:46,0
DA:50,1
DA:51,0
DA:55,1
DA:59,7
DA:60,7
DA:61,7
DA:62,7
DA:63,7
DA:64,7
DA:66,7
DA:67,1
DA:71,6
DA:72,1
DA:76,5
DA:77,0
DA:81,5
DA:82,1
DA:86,4
DA:87,1
DA:91,3
DA:92,0
DA:96,3
DA:97,1
DA:101,2
DA:102,0
DA:106,2
DA:107,1
DA:111,1
LF:50
LH:43
BRDA:10,0,0,1
BRDA:10,0,1,6
BRDA:15,1,0,1
BRDA:15,1,1,5
BRDA:20,2,0,0
BRDA:20,2,1,5
BRDA:25,3,0,2
BRDA:25,3,1,3
BRDA:30,4,0,1
BRDA:30,4,1,2
BRDA:35,5,0,0
BRDA:35,5,1,2
BRDA:40,6,0,1
BRDA:40,6,1,1
BRDA:45,7,0,0
BRDA:45,7,1,1
BRDA:50,8,0,0
BRDA:50,8,1,1
BRDA:50,9,0,1
BRDA:50,9,1,0
BRDA:50,9,2,0
BRDA:66,10,0,1
BRDA:66,10,1,6
BRDA:71,11,0,1
BRDA:71,11,1,5
BRDA:76,12,0,0
BRDA:76,12,1,5
BRDA:81,13,0,1
BRDA:81,13,1,4
BRDA:86,14,0,1
BRDA:86,14,1,3
BRDA:91,15,0,0
BRDA:91,15,1,3
BRDA:96,16,0,1
BRDA:96,16,1,2
BRDA:101,17,0,0
BRDA:101,17,1,2
BRDA:106,18,0,1
BRDA:106,18,1,1
BRDA:106,19,0,2
BRDA:106,19,1,1
BRDA:106,19,2,1
BRF:42
BRH:33
end_of_record
